<?xml version="1.0" encoding="UTF-8"?>
<!-- Generated by org.testng.reporters.JUnitXMLReporter -->
<testsuite ignored="0" hostname="saurabhkumar14" failures="0" tests="6" name="Test" time="7.519" errors="0" timestamp="2020-12-28T19:04:19 IST">
  <testcase classname="CreateNewUser" name="CreateUser" time="4.62"/>
  <testcase classname="GetUser" name="GetNewUser" time="0.713"/>
  <testcase classname="GetUser" name="GetNewUserNegative" time="0.52"/>
  <testcase classname="UpdateUserDetails" name="UpdateUserdetails" time="0.56"/>
  <testcase classname="UpdateUserDetails" name="UpdateUserdetailsNegative" time="0.506"/>
  <testcase classname="DeleteUserDetail" name="DeleteUserMethod" time="0.536"/>
</testsuite> <!-- Test -->
