<?xml version="1.0" encoding="UTF-8"?>
<testng-results ignored="0" total="6" passed="6" failed="0" skipped="0">
  <reporter-output>
    <line>
      <![CDATA[Generated New Id: 1598]]>
    </line>
    <line>
      <![CDATA[User Id is: 1598]]>
    </line>
    <line>
      <![CDATA[User Name is : Saurabh]]>
    </line>
    <line>
      <![CDATA[Status Code is: 404]]>
    </line>
    <line>
      <![CDATA[Updated UserEmail: saurabhkumar131123@gmail.com]]>
    </line>
    <line>
      <![CDATA[Status Code is : 422]]>
    </line>
    <line>
      <![CDATA[User is Deleted successfully]]>
    </line>
  </reporter-output>
  <suite started-at="2020-12-28T19:04:12 IST" name="Suite" finished-at="2020-12-28T19:04:19 IST" duration-ms="7519">
    <groups>
    </groups>
    <test started-at="2020-12-28T19:04:12 IST" name="Test" finished-at="2020-12-28T19:04:19 IST" duration-ms="7519">
      <class name="CreateNewUser">
        <test-method signature="CreateUser()[pri:0, instance:CreateNewUser@3059cbc]" started-at="2020-12-28T19:04:12 IST" name="CreateUser" finished-at="2020-12-28T19:04:16 IST" duration-ms="4620" status="PASS">
          <reporter-output>
            <line>
              <![CDATA[Generated New Id: 1598]]>
            </line>
          </reporter-output>
        </test-method> <!-- CreateUser -->
      </class> <!-- CreateNewUser -->
      <class name="UpdateUserDetails">
        <test-method signature="UpdateUserdetails()[pri:1, instance:UpdateUserDetails@24fcf36f]" started-at="2020-12-28T19:04:17 IST" name="UpdateUserdetails" finished-at="2020-12-28T19:04:18 IST" duration-ms="560" status="PASS">
          <reporter-output>
            <line>
              <![CDATA[Updated UserEmail: saurabhkumar131123@gmail.com]]>
            </line>
          </reporter-output>
        </test-method> <!-- UpdateUserdetails -->
        <test-method signature="UpdateUserdetailsNegative()[pri:2, instance:UpdateUserDetails@24fcf36f]" started-at="2020-12-28T19:04:18 IST" name="UpdateUserdetailsNegative" finished-at="2020-12-28T19:04:19 IST" duration-ms="506" status="PASS">
          <reporter-output>
            <line>
              <![CDATA[Status Code is : 422]]>
            </line>
          </reporter-output>
        </test-method> <!-- UpdateUserdetailsNegative -->
      </class> <!-- UpdateUserDetails -->
      <class name="GetUser">
        <test-method signature="GetNewUser()[pri:1, instance:GetUser@7ea9e1e2]" started-at="2020-12-28T19:04:16 IST" name="GetNewUser" finished-at="2020-12-28T19:04:17 IST" duration-ms="713" status="PASS">
          <reporter-output>
            <line>
              <![CDATA[User Id is: 1598]]>
            </line>
            <line>
              <![CDATA[User Name is : Saurabh]]>
            </line>
          </reporter-output>
        </test-method> <!-- GetNewUser -->
        <test-method signature="GetNewUserNegative()[pri:2, instance:GetUser@7ea9e1e2]" started-at="2020-12-28T19:04:17 IST" name="GetNewUserNegative" finished-at="2020-12-28T19:04:17 IST" duration-ms="520" status="PASS">
          <reporter-output>
            <line>
              <![CDATA[Status Code is: 404]]>
            </line>
          </reporter-output>
        </test-method> <!-- GetNewUserNegative -->
      </class> <!-- GetUser -->
      <class name="DeleteUserDetail">
        <test-method signature="DeleteUserMethod()[pri:0, instance:DeleteUserDetail@10feca44]" started-at="2020-12-28T19:04:19 IST" name="DeleteUserMethod" finished-at="2020-12-28T19:04:19 IST" duration-ms="536" status="PASS">
          <reporter-output>
            <line>
              <![CDATA[User is Deleted successfully]]>
            </line>
          </reporter-output>
        </test-method> <!-- DeleteUserMethod -->
      </class> <!-- DeleteUserDetail -->
    </test> <!-- Test -->
  </suite> <!-- Suite -->
</testng-results>
